mode: set
github.com/lextures/lextures/server-new/internal/config/config.go:19.20,25.2 1 1
github.com/lextures/lextures/server-new/internal/config/config.go:28.34,29.25 1 1
github.com/lextures/lextures/server-new/internal/config/config.go:29.25,31.3 1 1
github.com/lextures/lextures/server-new/internal/config/config.go:32.2,32.108 1 1
github.com/lextures/lextures/server-new/internal/config/config.go:32.108,34.3 1 1
github.com/lextures/lextures/server-new/internal/config/config.go:35.2,35.12 1 0
github.com/lextures/lextures/server-new/internal/config/config.go:38.27,40.13 2 1
github.com/lextures/lextures/server-new/internal/config/config.go:40.13,42.3 1 1
github.com/lextures/lextures/server-new/internal/config/config.go:43.2,43.28 1 1
github.com/lextures/lextures/server-new/internal/config/config.go:44.33,45.15 1 1
github.com/lextures/lextures/server-new/internal/config/config.go:46.10,47.14 1 1
github.com/lextures/lextures/server-new/internal/config/config.go:51.24,53.13 2 1
github.com/lextures/lextures/server-new/internal/config/config.go:53.13,55.3 1 1
github.com/lextures/lextures/server-new/internal/config/config.go:56.2,56.31 1 1
github.com/lextures/lextures/server-new/internal/config/config.go:56.31,58.3 1 1
github.com/lextures/lextures/server-new/internal/config/config.go:59.2,59.53 1 1
github.com/lextures/lextures/server-new/internal/config/config.go:59.53,61.3 1 1
github.com/lextures/lextures/server-new/internal/config/config.go:63.2,63.10 1 0
github.com/lextures/lextures/server-new/internal/db/pool.go:11.70,12.15 1 1
github.com/lextures/lextures/server-new/internal/db/pool.go:12.15,14.3 1 1
github.com/lextures/lextures/server-new/internal/db/pool.go:15.2,16.16 2 1
github.com/lextures/lextures/server-new/internal/db/pool.go:16.16,18.3 1 0
github.com/lextures/lextures/server-new/internal/db/pool.go:20.2,20.40 1 1
github.com/lextures/lextures/server-new/internal/httpserver/health.go:7.38,8.54 1 1
github.com/lextures/lextures/server-new/internal/httpserver/health.go:8.54,11.3 2 1
github.com/lextures/lextures/server-new/internal/httpserver/health.go:17.55,18.18 1 1
github.com/lextures/lextures/server-new/internal/httpserver/health.go:18.18,19.24 1 1
github.com/lextures/lextures/server-new/internal/httpserver/health.go:19.24,19.38 1 1
github.com/lextures/lextures/server-new/internal/httpserver/health.go:21.2,21.54 1 1
github.com/lextures/lextures/server-new/internal/httpserver/health.go:21.54,22.33 1 1
github.com/lextures/lextures/server-new/internal/httpserver/health.go:22.33,26.4 3 1
github.com/lextures/lextures/server-new/internal/httpserver/health.go:27.3,28.47 2 1
github.com/lextures/lextures/server-new/internal/httpserver/server.go:20.38,26.18 6 1
github.com/lextures/lextures/server-new/internal/httpserver/server.go:26.18,28.3 1 1
github.com/lextures/lextures/server-new/internal/httpserver/server.go:29.2,31.10 3 1
github.com/lextures/lextures/server-new/internal/httpserver/server.go:34.49,35.14 1 1
github.com/lextures/lextures/server-new/internal/httpserver/server.go:35.14,36.23 1 1
github.com/lextures/lextures/server-new/internal/httpserver/server.go:36.23,36.45 1 1
github.com/lextures/lextures/server-new/internal/httpserver/server.go:38.2,38.22 1 1
github.com/lextures/lextures/server-new/internal/httpserver/server.go:38.22,42.3 3 1
github.com/lextures/lextures/server-new/internal/httpserver/server.go:49.38,49.52 1 1
github.com/lextures/lextures/server-new/internal/app/app.go:18.49,20.39 2 1
github.com/lextures/lextures/server-new/internal/app/app.go:20.39,22.3 1 1
github.com/lextures/lextures/server-new/internal/app/app.go:23.2,24.16 2 0
github.com/lextures/lextures/server-new/internal/app/app.go:24.16,26.3 1 0
github.com/lextures/lextures/server-new/internal/app/app.go:27.2,28.23 2 0
github.com/lextures/lextures/server-new/internal/app/app.go:28.23,29.71 1 0
github.com/lextures/lextures/server-new/internal/app/app.go:29.71,31.4 1 0
github.com/lextures/lextures/server-new/internal/app/app.go:33.2,38.12 3 0
github.com/lextures/lextures/server-new/internal/app/app.go:38.12,38.45 1 0
github.com/lextures/lextures/server-new/internal/app/app.go:39.2,39.9 1 0
github.com/lextures/lextures/server-new/internal/app/app.go:40.20,45.13 5 0
github.com/lextures/lextures/server-new/internal/app/app.go:46.22,47.48 1 0
github.com/lextures/lextures/server-new/internal/app/app.go:47.48,49.4 1 0
github.com/lextures/lextures/server-new/internal/app/app.go:50.3,50.13 1 0
